[2021-04-18T09:09:30.561856+00:00] request.INFO: Matched route "candidat". {"route":"candidat","route_parameters":{"_route":"candidat","_controller":"App\\Controller\\CandidatController::profil"},"request_uri":"http://127.0.0.1:8000/candidats","method":"GET"} []
[2021-04-18T09:09:30.569824+00:00] security.DEBUG: Read existing security token from the session. {"key":"_security_main","token_class":"Symfony\\Component\\Security\\Guard\\Token\\PostAuthenticationGuardToken"} []
[2021-04-18T09:09:30.575519+00:00] security.DEBUG: User was reloaded from a user provider. {"provider":"Symfony\\Bridge\\Doctrine\\Security\\User\\EntityUserProvider","username":"test2@live.fr"} []
[2021-04-18T09:09:30.575695+00:00] security.DEBUG: Checking for guard authentication credentials. {"firewall_key":"main","authenticators":1} []
[2021-04-18T09:09:30.575704+00:00] security.DEBUG: Checking support on guard authenticator. {"firewall_key":"main","authenticator":"App\\Security\\CandidatRecruteurAuthenticator"} []
[2021-04-18T09:09:30.575710+00:00] security.DEBUG: Guard authenticator does not support the request. {"firewall_key":"main","authenticator":"App\\Security\\CandidatRecruteurAuthenticator"} []
[2021-04-18T09:09:30.900528+00:00] request.CRITICAL: Uncaught PHP Exception Twig\Error\SyntaxError: "Unexpected "dump" tag (expecting closing tag for the "block" tag defined near line 4)." at /Applications/MAMP/htdocs/MAMP - Banderas/Projet Benetton/my-project/templates/candidat/candidat.html.twig line 25 {"exception":"[object] (Twig\\Error\\SyntaxError(code: 0): Unexpected \"dump\" tag (expecting closing tag for the \"block\" tag defined near line 4). at /Applications/MAMP/htdocs/MAMP - Banderas/Projet Benetton/my-project/templates/candidat/candidat.html.twig:25)"} []
[2021-04-18T09:09:30.921287+00:00] security.DEBUG: Stored the security token in the session. {"key":"_security_main"} []
[2021-04-18T17:11:11.309066+00:00] request.INFO: Matched route "candidat". {"route":"candidat","route_parameters":{"_route":"candidat","_controller":"App\\Controller\\CandidatController::profil"},"request_uri":"http://127.0.0.1:8000/candidats","method":"GET"} []
[2021-04-18T17:11:11.314542+00:00] security.DEBUG: Read existing security token from the session. {"key":"_security_main","token_class":"Symfony\\Component\\Security\\Guard\\Token\\PostAuthenticationGuardToken"} []
[2021-04-18T17:11:11.319763+00:00] security.DEBUG: User was reloaded from a user provider. {"provider":"Symfony\\Bridge\\Doctrine\\Security\\User\\EntityUserProvider","username":"mehdi@live.fr"} []
[2021-04-18T17:11:11.319866+00:00] security.DEBUG: Checking for guard authentication credentials. {"firewall_key":"main","authenticators":1} []
[2021-04-18T17:11:11.319877+00:00] security.DEBUG: Checking support on guard authenticator. {"firewall_key":"main","authenticator":"App\\Security\\CandidatRecruteurAuthenticator"} []
[2021-04-18T17:11:11.319885+00:00] security.DEBUG: Guard authenticator does not support the request. {"firewall_key":"main","authenticator":"App\\Security\\CandidatRecruteurAuthenticator"} []
[2021-04-18T17:11:11.400982+00:00] request.CRITICAL: Uncaught PHP Exception Twig\Error\SyntaxError: "Unexpected "dump" tag (expecting closing tag for the "block" tag defined near line 4)." at /Applications/MAMP/htdocs/MAMP - Banderas/Projet Benetton/my-project/templates/candidat/candidat.html.twig line 25 {"exception":"[object] (Twig\\Error\\SyntaxError(code: 0): Unexpected \"dump\" tag (expecting closing tag for the \"block\" tag defined near line 4). at /Applications/MAMP/htdocs/MAMP - Banderas/Projet Benetton/my-project/templates/candidat/candidat.html.twig:25)"} []
[2021-04-18T17:11:11.411939+00:00] security.DEBUG: Stored the security token in the session. {"key":"_security_main"} []
[2021-04-18T17:11:42.591216+00:00] request.INFO: Matched route "candidat". {"route":"candidat","route_parameters":{"_route":"candidat","_controller":"App\\Controller\\CandidatController::profil"},"request_uri":"http://127.0.0.1:8000/candidats","method":"GET"} []
[2021-04-18T17:11:42.600477+00:00] security.DEBUG: Read existing security token from the session. {"key":"_security_main","token_class":"Symfony\\Component\\Security\\Guard\\Token\\PostAuthenticationGuardToken"} []
[2021-04-18T17:11:42.611166+00:00] security.DEBUG: User was reloaded from a user provider. {"provider":"Symfony\\Bridge\\Doctrine\\Security\\User\\EntityUserProvider","username":"mehdi@live.fr"} []
[2021-04-18T17:11:42.611336+00:00] security.DEBUG: Checking for guard authentication credentials. {"firewall_key":"main","authenticators":1} []
[2021-04-18T17:11:42.611347+00:00] security.DEBUG: Checking support on guard authenticator. {"firewall_key":"main","authenticator":"App\\Security\\CandidatRecruteurAuthenticator"} []
[2021-04-18T17:11:42.611355+00:00] security.DEBUG: Guard authenticator does not support the request. {"firewall_key":"main","authenticator":"App\\Security\\CandidatRecruteurAuthenticator"} []
[2021-04-18T17:11:42.637384+00:00] request.CRITICAL: Uncaught PHP Exception Twig\Error\SyntaxError: "Unexpected "dump" tag (expecting closing tag for the "block" tag defined near line 4)." at /Applications/MAMP/htdocs/MAMP - Banderas/Projet Benetton/my-project/templates/candidat/candidat.html.twig line 25 {"exception":"[object] (Twig\\Error\\SyntaxError(code: 0): Unexpected \"dump\" tag (expecting closing tag for the \"block\" tag defined near line 4). at /Applications/MAMP/htdocs/MAMP - Banderas/Projet Benetton/my-project/templates/candidat/candidat.html.twig:25)"} []
[2021-04-18T17:11:42.644947+00:00] security.DEBUG: Stored the security token in the session. {"key":"_security_main"} []
[2021-04-18T18:00:40.553694+00:00] request.INFO: Matched route "app_register_recruteur". {"route":"app_register_recruteur","route_parameters":{"_route":"app_register_recruteur","_controller":"App\\Controller\\RegistrationRecruterController::register"},"request_uri":"http://127.0.0.1:8000/registerRecruter","method":"POST"} []
[2021-04-18T18:00:40.562746+00:00] security.DEBUG: Checking for guard authentication credentials. {"firewall_key":"main","authenticators":1} []
[2021-04-18T18:00:40.562766+00:00] security.DEBUG: Checking support on guard authenticator. {"firewall_key":"main","authenticator":"App\\Security\\CandidatRecruteurAuthenticator"} []
[2021-04-18T18:00:40.562775+00:00] security.DEBUG: Guard authenticator does not support the request. {"firewall_key":"main","authenticator":"App\\Security\\CandidatRecruteurAuthenticator"} []
[2021-04-18T18:00:40.563181+00:00] security.INFO: Populated the TokenStorage with an anonymous Token. [] []
[2021-04-18T18:00:40.918186+00:00] request.CRITICAL: Uncaught PHP Exception Symfony\Component\Mime\Exception\RfcComplianceException: "Email "entrepri@live;fr" does not comply with addr-spec of RFC 2822." at /Applications/MAMP/htdocs/MAMP - Banderas/Projet Benetton/my-project/vendor/symfony/mime/Address.php line 56 {"exception":"[object] (Symfony\\Component\\Mime\\Exception\\RfcComplianceException(code: 0): Email \"entrepri@live;fr\" does not comply with addr-spec of RFC 2822. at /Applications/MAMP/htdocs/MAMP - Banderas/Projet Benetton/my-project/vendor/symfony/mime/Address.php:56)"} []
[2021-04-18T18:01:26.865951+00:00] request.INFO: Matched route "app_verify_email". {"route":"app_verify_email","route_parameters":{"_route":"app_verify_email","_controller":"App\\Controller\\RegistrationRecruterController::verifyUserEmail"},"request_uri":"http://127.0.0.1:8000/verify/email?expires=1618772462&signature=nHb4WuykiNKREH40s4vfPwtj74fXUJImdAuxNKoOkz4%3D&token=zSVRK3EZlMsCqmzWtE%2BVHmSw2D%2FOA5WHg5%2BmUCuqQAg%3D","method":"GET"} []
[2021-04-18T18:01:26.875664+00:00] security.DEBUG: Read existing security token from the session. {"key":"_security_main","token_class":"Symfony\\Component\\Security\\Guard\\Token\\PostAuthenticationGuardToken"} []
[2021-04-18T18:01:26.891353+00:00] security.DEBUG: User was reloaded from a user provider. {"provider":"Symfony\\Bridge\\Doctrine\\Security\\User\\EntityUserProvider","username":"entrepri@live.fr"} []
[2021-04-18T18:01:26.891601+00:00] security.DEBUG: Checking for guard authentication credentials. {"firewall_key":"main","authenticators":1} []
[2021-04-18T18:01:26.891631+00:00] security.DEBUG: Checking support on guard authenticator. {"firewall_key":"main","authenticator":"App\\Security\\CandidatRecruteurAuthenticator"} []
[2021-04-18T18:01:26.891645+00:00] security.DEBUG: Guard authenticator does not support the request. {"firewall_key":"main","authenticator":"App\\Security\\CandidatRecruteurAuthenticator"} []
[2021-04-18T18:01:26.904377+00:00] php.CRITICAL: Uncaught Error: Call to undefined method App\Entity\Recruteur::setIsVerified() {"exception":"[object] (Error(code: 0): Call to undefined method App\\Entity\\Recruteur::setIsVerified() at /Applications/MAMP/htdocs/MAMP - Banderas/Projet Benetton/my-project/src/Security/EmailVerifier.php:51)"} []
[2021-04-18T18:01:26.937864+00:00] request.CRITICAL: Uncaught PHP Exception Symfony\Component\ErrorHandler\Error\UndefinedMethodError: "Attempted to call an undefined method named "setIsVerified" of class "App\Entity\Recruteur"." at /Applications/MAMP/htdocs/MAMP - Banderas/Projet Benetton/my-project/src/Security/EmailVerifier.php line 51 {"exception":"[object] (Symfony\\Component\\ErrorHandler\\Error\\UndefinedMethodError(code: 0): Attempted to call an undefined method named \"setIsVerified\" of class \"App\\Entity\\Recruteur\". at /Applications/MAMP/htdocs/MAMP - Banderas/Projet Benetton/my-project/src/Security/EmailVerifier.php:51)"} []
[2021-04-18T18:01:26.943894+00:00] security.DEBUG: Stored the security token in the session. {"key":"_security_main"} []
[2021-04-18T18:01:34.769591+00:00] request.INFO: Matched route "app_verify_email". {"route":"app_verify_email","route_parameters":{"_route":"app_verify_email","_controller":"App\\Controller\\RegistrationRecruterController::verifyUserEmail"},"request_uri":"http://127.0.0.1:8000/verify/email?expires=1618772462&signature=nHb4WuykiNKREH40s4vfPwtj74fXUJImdAuxNKoOkz4%3D&token=zSVRK3EZlMsCqmzWtE%2BVHmSw2D%2FOA5WHg5%2BmUCuqQAg%3D","method":"GET"} []
[2021-04-18T18:01:34.782463+00:00] security.DEBUG: Read existing security token from the session. {"key":"_security_main","token_class":"Symfony\\Component\\Security\\Guard\\Token\\PostAuthenticationGuardToken"} []
[2021-04-18T18:01:34.793450+00:00] security.DEBUG: User was reloaded from a user provider. {"provider":"Symfony\\Bridge\\Doctrine\\Security\\User\\EntityUserProvider","username":"entrepri@live.fr"} []
[2021-04-18T18:01:34.793701+00:00] security.DEBUG: Checking for guard authentication credentials. {"firewall_key":"main","authenticators":1} []
[2021-04-18T18:01:34.793716+00:00] security.DEBUG: Checking support on guard authenticator. {"firewall_key":"main","authenticator":"App\\Security\\CandidatRecruteurAuthenticator"} []
[2021-04-18T18:01:34.793727+00:00] security.DEBUG: Guard authenticator does not support the request. {"firewall_key":"main","authenticator":"App\\Security\\CandidatRecruteurAuthenticator"} []
[2021-04-18T18:01:34.797590+00:00] php.CRITICAL: Uncaught Error: Call to undefined method App\Entity\Recruteur::setIsVerified() {"exception":"[object] (Error(code: 0): Call to undefined method App\\Entity\\Recruteur::setIsVerified() at /Applications/MAMP/htdocs/MAMP - Banderas/Projet Benetton/my-project/src/Security/EmailVerifier.php:51)"} []
[2021-04-18T18:01:34.803841+00:00] request.CRITICAL: Uncaught PHP Exception Symfony\Component\ErrorHandler\Error\UndefinedMethodError: "Attempted to call an undefined method named "setIsVerified" of class "App\Entity\Recruteur"." at /Applications/MAMP/htdocs/MAMP - Banderas/Projet Benetton/my-project/src/Security/EmailVerifier.php line 51 {"exception":"[object] (Symfony\\Component\\ErrorHandler\\Error\\UndefinedMethodError(code: 0): Attempted to call an undefined method named \"setIsVerified\" of class \"App\\Entity\\Recruteur\". at /Applications/MAMP/htdocs/MAMP - Banderas/Projet Benetton/my-project/src/Security/EmailVerifier.php:51)"} []
[2021-04-18T18:01:34.811350+00:00] security.DEBUG: Stored the security token in the session. {"key":"_security_main"} []
[2021-04-18T18:04:42.567959+00:00] request.INFO: Matched route "app_verify_email". {"route":"app_verify_email","route_parameters":{"_route":"app_verify_email","_controller":"App\\Controller\\RegistrationRecruterController::verifyUserEmail"},"request_uri":"http://127.0.0.1:8000/verify/email?expires=1618772668&signature=yp0LzFRLozlMoq0BVVCzWr3nOFrr4drj5Cjodmx25dY%3D&token=xsXg0BpVpy1Jvo%2FnA%2Fi2FuCfIacEsdPKIkl9T1zSHVc%3D","method":"GET"} []
[2021-04-18T18:04:42.574753+00:00] security.DEBUG: Read existing security token from the session. {"key":"_security_main","token_class":"Symfony\\Component\\Security\\Guard\\Token\\PostAuthenticationGuardToken"} []
[2021-04-18T18:04:42.579732+00:00] security.DEBUG: User was reloaded from a user provider. {"provider":"Symfony\\Bridge\\Doctrine\\Security\\User\\EntityUserProvider","username":"a@live.fr"} []
[2021-04-18T18:04:42.579841+00:00] security.DEBUG: Checking for guard authentication credentials. {"firewall_key":"main","authenticators":1} []
[2021-04-18T18:04:42.579853+00:00] security.DEBUG: Checking support on guard authenticator. {"firewall_key":"main","authenticator":"App\\Security\\CandidatRecruteurAuthenticator"} []
[2021-04-18T18:04:42.579862+00:00] security.DEBUG: Guard authenticator does not support the request. {"firewall_key":"main","authenticator":"App\\Security\\CandidatRecruteurAuthenticator"} []
[2021-04-18T18:04:42.583032+00:00] php.CRITICAL: Uncaught Error: Call to undefined method App\Entity\Recruteur::setIsVerified() {"exception":"[object] (Error(code: 0): Call to undefined method App\\Entity\\Recruteur::setIsVerified() at /Applications/MAMP/htdocs/MAMP - Banderas/Projet Benetton/my-project/src/Security/EmailVerifier.php:51)"} []
[2021-04-18T18:04:42.588456+00:00] request.CRITICAL: Uncaught PHP Exception Symfony\Component\ErrorHandler\Error\UndefinedMethodError: "Attempted to call an undefined method named "setIsVerified" of class "App\Entity\Recruteur"." at /Applications/MAMP/htdocs/MAMP - Banderas/Projet Benetton/my-project/src/Security/EmailVerifier.php line 51 {"exception":"[object] (Symfony\\Component\\ErrorHandler\\Error\\UndefinedMethodError(code: 0): Attempted to call an undefined method named \"setIsVerified\" of class \"App\\Entity\\Recruteur\". at /Applications/MAMP/htdocs/MAMP - Banderas/Projet Benetton/my-project/src/Security/EmailVerifier.php:51)"} []
[2021-04-18T18:04:42.595168+00:00] security.DEBUG: Stored the security token in the session. {"key":"_security_main"} []
[2021-04-18T18:08:05.022820+00:00] request.INFO: Matched route "app_verify_email". {"route":"app_verify_email","route_parameters":{"_route":"app_verify_email","_controller":"App\\Controller\\RegistrationRecruterController::verifyUserEmail"},"request_uri":"http://127.0.0.1:8000/verify/email?expires=1618772854&signature=E2Xw7czD5csgIsPJ1crL4g8nud%2FkZesE4ECoUY4wngM%3D&token=m6QpAYeyVpG264o5Zya0538lYjwr5rMOSlsV%2BGOgFB0%3D","method":"GET"} []
[2021-04-18T18:08:05.027682+00:00] security.DEBUG: Read existing security token from the session. {"key":"_security_main","token_class":"Symfony\\Component\\Security\\Guard\\Token\\PostAuthenticationGuardToken"} []
[2021-04-18T18:08:05.031985+00:00] security.DEBUG: User was reloaded from a user provider. {"provider":"Symfony\\Bridge\\Doctrine\\Security\\User\\EntityUserProvider","username":"ui@gmail.fr"} []
[2021-04-18T18:08:05.032083+00:00] security.DEBUG: Checking for guard authentication credentials. {"firewall_key":"main","authenticators":1} []
[2021-04-18T18:08:05.032094+00:00] security.DEBUG: Checking support on guard authenticator. {"firewall_key":"main","authenticator":"App\\Security\\CandidatRecruteurAuthenticator"} []
[2021-04-18T18:08:05.032103+00:00] security.DEBUG: Guard authenticator does not support the request. {"firewall_key":"main","authenticator":"App\\Security\\CandidatRecruteurAuthenticator"} []
[2021-04-18T18:08:05.035297+00:00] php.CRITICAL: Uncaught Error: Call to undefined method App\Entity\Recruteur::setIsVerified() {"exception":"[object] (Error(code: 0): Call to undefined method App\\Entity\\Recruteur::setIsVerified() at /Applications/MAMP/htdocs/MAMP - Banderas/Projet Benetton/my-project/src/Security/EmailVerifier.php:51)"} []
[2021-04-18T18:08:05.039529+00:00] request.CRITICAL: Uncaught PHP Exception Symfony\Component\ErrorHandler\Error\UndefinedMethodError: "Attempted to call an undefined method named "setIsVerified" of class "App\Entity\Recruteur"." at /Applications/MAMP/htdocs/MAMP - Banderas/Projet Benetton/my-project/src/Security/EmailVerifier.php line 51 {"exception":"[object] (Symfony\\Component\\ErrorHandler\\Error\\UndefinedMethodError(code: 0): Attempted to call an undefined method named \"setIsVerified\" of class \"App\\Entity\\Recruteur\". at /Applications/MAMP/htdocs/MAMP - Banderas/Projet Benetton/my-project/src/Security/EmailVerifier.php:51)"} []
[2021-04-18T18:08:05.045275+00:00] security.DEBUG: Stored the security token in the session. {"key":"_security_main"} []
[2021-04-18T18:09:10.097330+00:00] request.INFO: Matched route "app_verify_email". {"route":"app_verify_email","route_parameters":{"_route":"app_verify_email","_controller":"App\\Controller\\RegistrationRecruterController::verifyUserEmail"},"request_uri":"http://127.0.0.1:8000/verify/email?expires=1618772854&signature=E2Xw7czD5csgIsPJ1crL4g8nud%2FkZesE4ECoUY4wngM%3D&token=m6QpAYeyVpG264o5Zya0538lYjwr5rMOSlsV%2BGOgFB0%3D","method":"GET"} []
[2021-04-18T18:09:10.106875+00:00] security.DEBUG: Read existing security token from the session. {"key":"_security_main","token_class":"Symfony\\Component\\Security\\Guard\\Token\\PostAuthenticationGuardToken"} []
[2021-04-18T18:09:10.117748+00:00] security.DEBUG: User was reloaded from a user provider. {"provider":"Symfony\\Bridge\\Doctrine\\Security\\User\\EntityUserProvider","username":"ui@gmail.fr"} []
[2021-04-18T18:09:10.117944+00:00] security.DEBUG: Checking for guard authentication credentials. {"firewall_key":"main","authenticators":1} []
[2021-04-18T18:09:10.117956+00:00] security.DEBUG: Checking support on guard authenticator. {"firewall_key":"main","authenticator":"App\\Security\\CandidatRecruteurAuthenticator"} []
[2021-04-18T18:09:10.117965+00:00] security.DEBUG: Guard authenticator does not support the request. {"firewall_key":"main","authenticator":"App\\Security\\CandidatRecruteurAuthenticator"} []
[2021-04-18T18:09:10.122890+00:00] php.CRITICAL: Uncaught Error: Call to undefined method App\Entity\Recruteur::setIsVerified() {"exception":"[object] (Error(code: 0): Call to undefined method App\\Entity\\Recruteur::setIsVerified() at /Applications/MAMP/htdocs/MAMP - Banderas/Projet Benetton/my-project/src/Security/EmailVerifier.php:51)"} []
[2021-04-18T18:09:10.127513+00:00] request.CRITICAL: Uncaught PHP Exception Symfony\Component\ErrorHandler\Error\UndefinedMethodError: "Attempted to call an undefined method named "setIsVerified" of class "App\Entity\Recruteur"." at /Applications/MAMP/htdocs/MAMP - Banderas/Projet Benetton/my-project/src/Security/EmailVerifier.php line 51 {"exception":"[object] (Symfony\\Component\\ErrorHandler\\Error\\UndefinedMethodError(code: 0): Attempted to call an undefined method named \"setIsVerified\" of class \"App\\Entity\\Recruteur\". at /Applications/MAMP/htdocs/MAMP - Banderas/Projet Benetton/my-project/src/Security/EmailVerifier.php:51)"} []
[2021-04-18T18:09:10.133861+00:00] security.DEBUG: Stored the security token in the session. {"key":"_security_main"} []
[2021-04-18T18:13:19.493151+00:00] request.INFO: Matched route "app_verify_email". {"route":"app_verify_email","route_parameters":{"_route":"app_verify_email","_controller":"App\\Controller\\RegistrationRecruterController::verifyUserEmail"},"request_uri":"http://127.0.0.1:8000/verify/email?expires=1618773171&signature=XFMM9D6iusIfGieXUY4KpAq1%2FT7XwYD6jLvH0tcgWXM%3D&token=kFsy2%2FjbCDS5cCrSK4BnP1cb0Ya8tnDwmid%2B9HkOxyI%3D","method":"GET"} []
[2021-04-18T18:13:19.498435+00:00] security.DEBUG: Read existing security token from the session. {"key":"_security_main","token_class":"Symfony\\Component\\Security\\Guard\\Token\\PostAuthenticationGuardToken"} []
[2021-04-18T18:13:19.502707+00:00] security.DEBUG: User was reloaded from a user provider. {"provider":"Symfony\\Bridge\\Doctrine\\Security\\User\\EntityUserProvider","username":"lapasserelle@live.fr"} []
[2021-04-18T18:13:19.502807+00:00] security.DEBUG: Checking for guard authentication credentials. {"firewall_key":"main","authenticators":1} []
[2021-04-18T18:13:19.502819+00:00] security.DEBUG: Checking support on guard authenticator. {"firewall_key":"main","authenticator":"App\\Security\\CandidatRecruteurAuthenticator"} []
[2021-04-18T18:13:19.502828+00:00] security.DEBUG: Guard authenticator does not support the request. {"firewall_key":"main","authenticator":"App\\Security\\CandidatRecruteurAuthenticator"} []
[2021-04-18T18:13:19.505620+00:00] php.CRITICAL: Uncaught Error: Call to undefined method App\Entity\Recruteur::setIsVerified() {"exception":"[object] (Error(code: 0): Call to undefined method App\\Entity\\Recruteur::setIsVerified() at /Applications/MAMP/htdocs/MAMP - Banderas/Projet Benetton/my-project/src/Security/EmailVerifier.php:51)"} []
[2021-04-18T18:13:19.510156+00:00] request.CRITICAL: Uncaught PHP Exception Symfony\Component\ErrorHandler\Error\UndefinedMethodError: "Attempted to call an undefined method named "setIsVerified" of class "App\Entity\Recruteur"." at /Applications/MAMP/htdocs/MAMP - Banderas/Projet Benetton/my-project/src/Security/EmailVerifier.php line 51 {"exception":"[object] (Symfony\\Component\\ErrorHandler\\Error\\UndefinedMethodError(code: 0): Attempted to call an undefined method named \"setIsVerified\" of class \"App\\Entity\\Recruteur\". at /Applications/MAMP/htdocs/MAMP - Banderas/Projet Benetton/my-project/src/Security/EmailVerifier.php:51)"} []
[2021-04-18T18:13:19.515760+00:00] security.DEBUG: Stored the security token in the session. {"key":"_security_main"} []
[2021-04-18T18:13:34.922145+00:00] request.INFO: Matched route "app_verify_email". {"route":"app_verify_email","route_parameters":{"_route":"app_verify_email","_controller":"App\\Controller\\RegistrationRecruterController::verifyUserEmail"},"request_uri":"http://127.0.0.1:8000/verify/email?expires=1618773171&signature=XFMM9D6iusIfGieXUY4KpAq1%2FT7XwYD6jLvH0tcgWXM%3D&token=kFsy2%2FjbCDS5cCrSK4BnP1cb0Ya8tnDwmid%2B9HkOxyI%3D","method":"GET"} []
[2021-04-18T18:13:34.930603+00:00] security.DEBUG: Read existing security token from the session. {"key":"_security_main","token_class":"Symfony\\Component\\Security\\Guard\\Token\\PostAuthenticationGuardToken"} []
[2021-04-18T18:13:34.937595+00:00] security.DEBUG: User was reloaded from a user provider. {"provider":"Symfony\\Bridge\\Doctrine\\Security\\User\\EntityUserProvider","username":"lapasserelle@live.fr"} []
[2021-04-18T18:13:34.937820+00:00] security.DEBUG: Checking for guard authentication credentials. {"firewall_key":"main","authenticators":1} []
[2021-04-18T18:13:34.937834+00:00] security.DEBUG: Checking support on guard authenticator. {"firewall_key":"main","authenticator":"App\\Security\\CandidatRecruteurAuthenticator"} []
[2021-04-18T18:13:34.937859+00:00] security.DEBUG: Guard authenticator does not support the request. {"firewall_key":"main","authenticator":"App\\Security\\CandidatRecruteurAuthenticator"} []
[2021-04-18T18:13:34.941604+00:00] php.CRITICAL: Uncaught Error: Call to undefined method App\Entity\Recruteur::setIsVerified() {"exception":"[object] (Error(code: 0): Call to undefined method App\\Entity\\Recruteur::setIsVerified() at /Applications/MAMP/htdocs/MAMP - Banderas/Projet Benetton/my-project/src/Security/EmailVerifier.php:51)"} []
[2021-04-18T18:13:34.945316+00:00] request.CRITICAL: Uncaught PHP Exception Symfony\Component\ErrorHandler\Error\UndefinedMethodError: "Attempted to call an undefined method named "setIsVerified" of class "App\Entity\Recruteur"." at /Applications/MAMP/htdocs/MAMP - Banderas/Projet Benetton/my-project/src/Security/EmailVerifier.php line 51 {"exception":"[object] (Symfony\\Component\\ErrorHandler\\Error\\UndefinedMethodError(code: 0): Attempted to call an undefined method named \"setIsVerified\" of class \"App\\Entity\\Recruteur\". at /Applications/MAMP/htdocs/MAMP - Banderas/Projet Benetton/my-project/src/Security/EmailVerifier.php:51)"} []
[2021-04-18T18:13:34.951421+00:00] security.DEBUG: Stored the security token in the session. {"key":"_security_main"} []
[2021-04-18T18:13:43.712302+00:00] request.INFO: Matched route "candidat". {"route":"candidat","route_parameters":{"_route":"candidat","_controller":"App\\Controller\\CandidatController::profil"},"request_uri":"http://127.0.0.1:8000/candidats","method":"GET"} []
[2021-04-18T18:13:43.717852+00:00] security.DEBUG: Read existing security token from the session. {"key":"_security_main","token_class":"Symfony\\Component\\Security\\Guard\\Token\\PostAuthenticationGuardToken"} []
[2021-04-18T18:13:43.723649+00:00] security.DEBUG: User was reloaded from a user provider. {"provider":"Symfony\\Bridge\\Doctrine\\Security\\User\\EntityUserProvider","username":"lapasserelle@live.fr"} []
[2021-04-18T18:13:43.723760+00:00] security.DEBUG: Checking for guard authentication credentials. {"firewall_key":"main","authenticators":1} []
[2021-04-18T18:13:43.723773+00:00] security.DEBUG: Checking support on guard authenticator. {"firewall_key":"main","authenticator":"App\\Security\\CandidatRecruteurAuthenticator"} []
[2021-04-18T18:13:43.723781+00:00] security.DEBUG: Guard authenticator does not support the request. {"firewall_key":"main","authenticator":"App\\Security\\CandidatRecruteurAuthenticator"} []
[2021-04-18T18:13:43.725899+00:00] security.DEBUG: Access denied, the user is neither anonymous, nor remember-me. {"exception":"[object] (Symfony\\Component\\Security\\Core\\Exception\\AccessDeniedException(code: 403): Access Denied by controller annotation @IsGranted(\"ROLE_CANDIDAT\") at /Applications/MAMP/htdocs/MAMP - Banderas/Projet Benetton/my-project/vendor/sensio/framework-extra-bundle/src/EventListener/IsGrantedListener.php:85)"} []
[2021-04-18T18:13:43.726303+00:00] request.ERROR: Uncaught PHP Exception Symfony\Component\HttpKernel\Exception\AccessDeniedHttpException: "Access Denied by controller annotation @IsGranted("ROLE_CANDIDAT")" at /Applications/MAMP/htdocs/MAMP - Banderas/Projet Benetton/my-project/vendor/symfony/security-http/Firewall/ExceptionListener.php line 137 {"exception":"[object] (Symfony\\Component\\HttpKernel\\Exception\\AccessDeniedHttpException(code: 0): Access Denied by controller annotation @IsGranted(\"ROLE_CANDIDAT\") at /Applications/MAMP/htdocs/MAMP - Banderas/Projet Benetton/my-project/vendor/symfony/security-http/Firewall/ExceptionListener.php:137)\n[previous exception] [object] (Symfony\\Component\\Security\\Core\\Exception\\AccessDeniedException(code: 403): Access Denied by controller annotation @IsGranted(\"ROLE_CANDIDAT\") at /Applications/MAMP/htdocs/MAMP - Banderas/Projet Benetton/my-project/vendor/sensio/framework-extra-bundle/src/EventListener/IsGrantedListener.php:85)"} []
[2021-04-18T18:13:43.749449+00:00] security.DEBUG: Stored the security token in the session. {"key":"_security_main"} []
[2021-04-18T18:24:17.168361+00:00] request.INFO: Matched route "app_verify_email". {"route":"app_verify_email","route_parameters":{"_route":"app_verify_email","_controller":"App\\Controller\\RegistrationRecruterController::verifyUserEmail"},"request_uri":"http://127.0.0.1:8000/verify/email?expires=1618773836&signature=MQaGY5dpzSdmVceDsjVE8N7Z%2FgyXasgHfqAcy%2FktJbY%3D&token=gt9t5Bheeh5XDGtFMM15KtVRg7UAJYBuTWGYRez0X%2BQ%3D","method":"GET"} []
[2021-04-18T18:24:17.174057+00:00] security.DEBUG: Read existing security token from the session. {"key":"_security_main","token_class":"Symfony\\Component\\Security\\Guard\\Token\\PostAuthenticationGuardToken"} []
[2021-04-18T18:24:17.177929+00:00] security.DEBUG: User was reloaded from a user provider. {"provider":"Symfony\\Bridge\\Doctrine\\Security\\User\\EntityUserProvider","username":"Lapasserelle@live.fr"} []
[2021-04-18T18:24:17.178012+00:00] security.DEBUG: Checking for guard authentication credentials. {"firewall_key":"main","authenticators":1} []
[2021-04-18T18:24:17.178022+00:00] security.DEBUG: Checking support on guard authenticator. {"firewall_key":"main","authenticator":"App\\Security\\CandidatRecruteurAuthenticator"} []
[2021-04-18T18:24:17.178030+00:00] security.DEBUG: Guard authenticator does not support the request. {"firewall_key":"main","authenticator":"App\\Security\\CandidatRecruteurAuthenticator"} []
[2021-04-18T18:24:17.181005+00:00] php.CRITICAL: Uncaught Error: Call to undefined method App\Entity\Recruteur::setIsVerified() {"exception":"[object] (Error(code: 0): Call to undefined method App\\Entity\\Recruteur::setIsVerified() at /Applications/MAMP/htdocs/MAMP - Banderas/Projet Benetton/my-project/src/Security/EmailVerifier.php:51)"} []
[2021-04-18T18:24:17.185217+00:00] request.CRITICAL: Uncaught PHP Exception Symfony\Component\ErrorHandler\Error\UndefinedMethodError: "Attempted to call an undefined method named "setIsVerified" of class "App\Entity\Recruteur"." at /Applications/MAMP/htdocs/MAMP - Banderas/Projet Benetton/my-project/src/Security/EmailVerifier.php line 51 {"exception":"[object] (Symfony\\Component\\ErrorHandler\\Error\\UndefinedMethodError(code: 0): Attempted to call an undefined method named \"setIsVerified\" of class \"App\\Entity\\Recruteur\". at /Applications/MAMP/htdocs/MAMP - Banderas/Projet Benetton/my-project/src/Security/EmailVerifier.php:51)"} []
[2021-04-18T18:24:17.193568+00:00] security.DEBUG: Stored the security token in the session. {"key":"_security_main"} []
[2021-04-18T18:24:30.700668+00:00] request.INFO: Matched route "candidat". {"route":"candidat","route_parameters":{"_route":"candidat","_controller":"App\\Controller\\CandidatController::profil"},"request_uri":"http://127.0.0.1:8000/candidats","method":"GET"} []
[2021-04-18T18:24:30.705077+00:00] security.DEBUG: Read existing security token from the session. {"key":"_security_main","token_class":"Symfony\\Component\\Security\\Guard\\Token\\PostAuthenticationGuardToken"} []
[2021-04-18T18:24:30.708719+00:00] security.DEBUG: User was reloaded from a user provider. {"provider":"Symfony\\Bridge\\Doctrine\\Security\\User\\EntityUserProvider","username":"Lapasserelle@live.fr"} []
[2021-04-18T18:24:30.708786+00:00] security.DEBUG: Checking for guard authentication credentials. {"firewall_key":"main","authenticators":1} []
[2021-04-18T18:24:30.708793+00:00] security.DEBUG: Checking support on guard authenticator. {"firewall_key":"main","authenticator":"App\\Security\\CandidatRecruteurAuthenticator"} []
[2021-04-18T18:24:30.708799+00:00] security.DEBUG: Guard authenticator does not support the request. {"firewall_key":"main","authenticator":"App\\Security\\CandidatRecruteurAuthenticator"} []
[2021-04-18T18:24:30.709982+00:00] security.DEBUG: Access denied, the user is neither anonymous, nor remember-me. {"exception":"[object] (Symfony\\Component\\Security\\Core\\Exception\\AccessDeniedException(code: 403): Access Denied by controller annotation @IsGranted(\"ROLE_CANDIDAT\") at /Applications/MAMP/htdocs/MAMP - Banderas/Projet Benetton/my-project/vendor/sensio/framework-extra-bundle/src/EventListener/IsGrantedListener.php:85)"} []
[2021-04-18T18:24:30.710223+00:00] request.ERROR: Uncaught PHP Exception Symfony\Component\HttpKernel\Exception\AccessDeniedHttpException: "Access Denied by controller annotation @IsGranted("ROLE_CANDIDAT")" at /Applications/MAMP/htdocs/MAMP - Banderas/Projet Benetton/my-project/vendor/symfony/security-http/Firewall/ExceptionListener.php line 137 {"exception":"[object] (Symfony\\Component\\HttpKernel\\Exception\\AccessDeniedHttpException(code: 0): Access Denied by controller annotation @IsGranted(\"ROLE_CANDIDAT\") at /Applications/MAMP/htdocs/MAMP - Banderas/Projet Benetton/my-project/vendor/symfony/security-http/Firewall/ExceptionListener.php:137)\n[previous exception] [object] (Symfony\\Component\\Security\\Core\\Exception\\AccessDeniedException(code: 403): Access Denied by controller annotation @IsGranted(\"ROLE_CANDIDAT\") at /Applications/MAMP/htdocs/MAMP - Banderas/Projet Benetton/my-project/vendor/sensio/framework-extra-bundle/src/EventListener/IsGrantedListener.php:85)"} []
[2021-04-18T18:24:30.720084+00:00] security.DEBUG: Stored the security token in the session. {"key":"_security_main"} []
[2021-04-18T18:27:18.816236+00:00] request.INFO: Matched route "candidat". {"route":"candidat","route_parameters":{"_route":"candidat","_controller":"App\\Controller\\CandidatController::profil"},"request_uri":"http://127.0.0.1:8000/candidats","method":"GET"} []
[2021-04-18T18:27:18.819209+00:00] security.DEBUG: Read existing security token from the session. {"key":"_security_main","token_class":"Symfony\\Component\\Security\\Guard\\Token\\PostAuthenticationGuardToken"} []
[2021-04-18T18:27:18.822075+00:00] security.DEBUG: User was reloaded from a user provider. {"provider":"Symfony\\Bridge\\Doctrine\\Security\\User\\EntityUserProvider","username":"mehdi693@live.fr"} []
[2021-04-18T18:27:18.822140+00:00] security.DEBUG: Checking for guard authentication credentials. {"firewall_key":"main","authenticators":1} []
[2021-04-18T18:27:18.822147+00:00] security.DEBUG: Checking support on guard authenticator. {"firewall_key":"main","authenticator":"App\\Security\\CandidatRecruteurAuthenticator"} []
[2021-04-18T18:27:18.822154+00:00] security.DEBUG: Guard authenticator does not support the request. {"firewall_key":"main","authenticator":"App\\Security\\CandidatRecruteurAuthenticator"} []
[2021-04-18T18:27:18.839632+00:00] request.CRITICAL: Uncaught PHP Exception Twig\Error\SyntaxError: "Unexpected "dump" tag (expecting closing tag for the "block" tag defined near line 4)." at /Applications/MAMP/htdocs/MAMP - Banderas/Projet Benetton/my-project/templates/candidat/candidat.html.twig line 25 {"exception":"[object] (Twig\\Error\\SyntaxError(code: 0): Unexpected \"dump\" tag (expecting closing tag for the \"block\" tag defined near line 4). at /Applications/MAMP/htdocs/MAMP - Banderas/Projet Benetton/my-project/templates/candidat/candidat.html.twig:25)"} []
[2021-04-18T18:27:18.845710+00:00] security.DEBUG: Stored the security token in the session. {"key":"_security_main"} []
[2021-04-18T19:12:43.654315+00:00] request.INFO: Matched route "app_verify_email". {"route":"app_verify_email","route_parameters":{"_route":"app_verify_email","_controller":"App\\Controller\\RegistrationRecruterController::verifyUserEmail"},"request_uri":"http://127.0.0.1:8000/verify/email?expires=1618776750&signature=t7j1zoVVt%2F4KtPOEIS5zuTrPS7tpbSlpTss2SWxrzww%3D&token=%2FbSUBaIIQA5hrJhYWjXg67v11r7cuQRncl9ZjjUkkKQ%3D","method":"GET"} []
[2021-04-18T19:12:43.659908+00:00] security.DEBUG: Read existing security token from the session. {"key":"_security_main","token_class":"Symfony\\Component\\Security\\Guard\\Token\\PostAuthenticationGuardToken"} []
[2021-04-18T19:12:43.664200+00:00] security.DEBUG: User was reloaded from a user provider. {"provider":"Symfony\\Bridge\\Doctrine\\Security\\User\\EntityUserProvider","username":"b@live.fr"} []
[2021-04-18T19:12:43.664290+00:00] security.DEBUG: Checking for guard authentication credentials. {"firewall_key":"main","authenticators":1} []
[2021-04-18T19:12:43.664300+00:00] security.DEBUG: Checking support on guard authenticator. {"firewall_key":"main","authenticator":"App\\Security\\CandidatRecruteurAuthenticator"} []
[2021-04-18T19:12:43.664307+00:00] security.DEBUG: Guard authenticator does not support the request. {"firewall_key":"main","authenticator":"App\\Security\\CandidatRecruteurAuthenticator"} []
[2021-04-18T19:12:43.667985+00:00] php.CRITICAL: Uncaught Error: Call to undefined method App\Entity\Recruteur::setIsVerified() {"exception":"[object] (Error(code: 0): Call to undefined method App\\Entity\\Recruteur::setIsVerified() at /Applications/MAMP/htdocs/MAMP - Banderas/Projet Benetton/my-project/src/Security/EmailVerifier.php:51)"} []
[2021-04-18T19:12:43.673015+00:00] request.CRITICAL: Uncaught PHP Exception Symfony\Component\ErrorHandler\Error\UndefinedMethodError: "Attempted to call an undefined method named "setIsVerified" of class "App\Entity\Recruteur"." at /Applications/MAMP/htdocs/MAMP - Banderas/Projet Benetton/my-project/src/Security/EmailVerifier.php line 51 {"exception":"[object] (Symfony\\Component\\ErrorHandler\\Error\\UndefinedMethodError(code: 0): Attempted to call an undefined method named \"setIsVerified\" of class \"App\\Entity\\Recruteur\". at /Applications/MAMP/htdocs/MAMP - Banderas/Projet Benetton/my-project/src/Security/EmailVerifier.php:51)"} []
[2021-04-18T19:12:43.684472+00:00] security.DEBUG: Stored the security token in the session. {"key":"_security_main"} []
[2021-04-18T19:12:55.895181+00:00] request.INFO: Matched route "candidat". {"route":"candidat","route_parameters":{"_route":"candidat","_controller":"App\\Controller\\CandidatController::profil"},"request_uri":"http://127.0.0.1:8000/candidats","method":"GET"} []
[2021-04-18T19:12:55.898347+00:00] security.DEBUG: Read existing security token from the session. {"key":"_security_main","token_class":"Symfony\\Component\\Security\\Guard\\Token\\PostAuthenticationGuardToken"} []
[2021-04-18T19:12:55.903539+00:00] security.DEBUG: User was reloaded from a user provider. {"provider":"Symfony\\Bridge\\Doctrine\\Security\\User\\EntityUserProvider","username":"b@live.fr"} []
[2021-04-18T19:12:55.903611+00:00] security.DEBUG: Checking for guard authentication credentials. {"firewall_key":"main","authenticators":1} []
[2021-04-18T19:12:55.903618+00:00] security.DEBUG: Checking support on guard authenticator. {"firewall_key":"main","authenticator":"App\\Security\\CandidatRecruteurAuthenticator"} []
[2021-04-18T19:12:55.903624+00:00] security.DEBUG: Guard authenticator does not support the request. {"firewall_key":"main","authenticator":"App\\Security\\CandidatRecruteurAuthenticator"} []
[2021-04-18T19:12:55.905374+00:00] security.DEBUG: Access denied, the user is neither anonymous, nor remember-me. {"exception":"[object] (Symfony\\Component\\Security\\Core\\Exception\\AccessDeniedException(code: 403): Access Denied by controller annotation @IsGranted(\"ROLE_CANDIDAT\") at /Applications/MAMP/htdocs/MAMP - Banderas/Projet Benetton/my-project/vendor/sensio/framework-extra-bundle/src/EventListener/IsGrantedListener.php:85)"} []
[2021-04-18T19:12:55.905942+00:00] request.ERROR: Uncaught PHP Exception Symfony\Component\HttpKernel\Exception\AccessDeniedHttpException: "Access Denied by controller annotation @IsGranted("ROLE_CANDIDAT")" at /Applications/MAMP/htdocs/MAMP - Banderas/Projet Benetton/my-project/vendor/symfony/security-http/Firewall/ExceptionListener.php line 137 {"exception":"[object] (Symfony\\Component\\HttpKernel\\Exception\\AccessDeniedHttpException(code: 0): Access Denied by controller annotation @IsGranted(\"ROLE_CANDIDAT\") at /Applications/MAMP/htdocs/MAMP - Banderas/Projet Benetton/my-project/vendor/symfony/security-http/Firewall/ExceptionListener.php:137)\n[previous exception] [object] (Symfony\\Component\\Security\\Core\\Exception\\AccessDeniedException(code: 403): Access Denied by controller annotation @IsGranted(\"ROLE_CANDIDAT\") at /Applications/MAMP/htdocs/MAMP - Banderas/Projet Benetton/my-project/vendor/sensio/framework-extra-bundle/src/EventListener/IsGrantedListener.php:85)"} []
[2021-04-18T19:12:55.917440+00:00] security.DEBUG: Stored the security token in the session. {"key":"_security_main"} []
